22:33:15 [main] INFO  com.inetBanking.testCases.TC_LoginTest_001 - username is entered
22:33:15 [main] INFO  com.inetBanking.testCases.TC_LoginTest_001 - password is entered
22:33:17 [main] INFO  com.inetBanking.testCases.TC_LoginTest_001 - login is successfull.....
22:33:17 [main] INFO  com.inetBanking.testCases.TC_LoginTest_001 - Expected title recieved
22:33:26 [main] INFO  com.inetBanking.testCases.TC_LoginTestDDT_002 - Username is entered
22:33:26 [main] INFO  com.inetBanking.testCases.TC_LoginTestDDT_002 - Password is entered
22:33:28 [main] INFO  com.inetBanking.testCases.TC_LoginTestDDT_002 - login is successfull...
22:33:38 [main] INFO  com.inetBanking.testCases.TC_AddNewCustomer_003 - User name is entered
22:33:38 [main] INFO  com.inetBanking.testCases.TC_AddNewCustomer_003 - password is entered
22:33:41 [main] INFO  com.inetBanking.testCases.TC_AddNewCustomer_003 - Login is successfull...
22:33:58 [main] INFO  com.inetBanking.testCases.TC_AddNewCustomer_003 - Customer successfully added...
22:34:07 [main] INFO  com.inetBanking.testCases.TC_EditCustomer_004 - User name is entered
22:34:07 [main] INFO  com.inetBanking.testCases.TC_EditCustomer_004 - Password is entered
22:34:09 [main] INFO  com.inetBanking.testCases.TC_EditCustomer_004 - Login is successfull...
22:34:27 [main] INFO  com.inetBanking.testCases.TC_EditCustomer_004 - Edit customer successfull...
16:57:39 [main] INFO  com.inetBanking.testCases.TC_LoginTest_001 - username is entered
16:57:39 [main] INFO  com.inetBanking.testCases.TC_LoginTest_001 - password is entered
16:57:44 [main] INFO  com.inetBanking.testCases.TC_LoginTest_001 - login is successfull.....
16:57:44 [main] INFO  com.inetBanking.testCases.TC_LoginTest_001 - Expected title recieved
16:57:56 [main] INFO  com.inetBanking.testCases.TC_LoginTestDDT_002 - Username is entered
16:57:56 [main] INFO  com.inetBanking.testCases.TC_LoginTestDDT_002 - Password is entered
16:57:59 [main] INFO  com.inetBanking.testCases.TC_LoginTestDDT_002 - login is successfull...
16:58:19 [main] INFO  com.inetBanking.testCases.TC_AddNewCustomer_003 - User name is entered
16:58:20 [main] INFO  com.inetBanking.testCases.TC_AddNewCustomer_003 - password is entered
16:58:22 [main] INFO  com.inetBanking.testCases.TC_AddNewCustomer_003 - Login is successfull...
16:58:44 [main] INFO  com.inetBanking.testCases.TC_AddNewCustomer_003 - Customer successfully added...
16:58:55 [main] INFO  com.inetBanking.testCases.TC_EditCustomer_004 - User name is entered
16:58:56 [main] INFO  com.inetBanking.testCases.TC_EditCustomer_004 - Password is entered
16:59:00 [main] INFO  com.inetBanking.testCases.TC_EditCustomer_004 - Login is successfull...
16:59:17 [main] INFO  com.inetBanking.testCases.TC_EditCustomer_004 - Edit customer successfull...
17:25:41 [main] INFO  com.inetBanking.testCases.TC_LoginTest_001 - username is entered
17:25:42 [main] INFO  com.inetBanking.testCases.TC_LoginTest_001 - password is entered
17:25:50 [main] INFO  com.inetBanking.testCases.TC_LoginTest_001 - login is successfull.....
17:25:50 [main] INFO  com.inetBanking.testCases.TC_LoginTest_001 - Expected title recieved
17:26:00 [main] INFO  com.inetBanking.testCases.TC_LoginTestDDT_002 - Username is entered
17:26:00 [main] INFO  com.inetBanking.testCases.TC_LoginTestDDT_002 - Password is entered
17:26:01 [main] INFO  com.inetBanking.testCases.TC_LoginTestDDT_002 - login is successfull...
17:26:14 [main] INFO  com.inetBanking.testCases.TC_AddNewCustomer_003 - User name is entered
17:26:14 [main] INFO  com.inetBanking.testCases.TC_AddNewCustomer_003 - password is entered
17:26:16 [main] INFO  com.inetBanking.testCases.TC_AddNewCustomer_003 - Login is successfull...
17:26:38 [main] INFO  com.inetBanking.testCases.TC_AddNewCustomer_003 - Customer successfully added...
17:26:50 [main] INFO  com.inetBanking.testCases.TC_EditCustomer_004 - User name is entered
17:26:50 [main] INFO  com.inetBanking.testCases.TC_EditCustomer_004 - Password is entered
17:26:54 [main] INFO  com.inetBanking.testCases.TC_EditCustomer_004 - Login is successfull...
17:27:08 [main] INFO  com.inetBanking.testCases.TC_EditCustomer_004 - Edit customer successfull...
17:41:52 [main] INFO  com.inetBanking.testCases.TC_LoginTest_001 - username is entered
17:41:52 [main] INFO  com.inetBanking.testCases.TC_LoginTest_001 - password is entered
17:41:58 [main] INFO  com.inetBanking.testCases.TC_LoginTest_001 - login is successfull.....
17:41:58 [main] INFO  com.inetBanking.testCases.TC_LoginTest_001 - Expected title recieved
17:42:15 [main] INFO  com.inetBanking.testCases.TC_LoginTestDDT_002 - Username is entered
17:42:15 [main] INFO  com.inetBanking.testCases.TC_LoginTestDDT_002 - Password is entered
17:42:19 [main] INFO  com.inetBanking.testCases.TC_LoginTestDDT_002 - login is successfull...
17:42:40 [main] INFO  com.inetBanking.testCases.TC_AddNewCustomer_003 - User name is entered
17:42:40 [main] INFO  com.inetBanking.testCases.TC_AddNewCustomer_003 - password is entered
17:42:49 [main] INFO  com.inetBanking.testCases.TC_AddNewCustomer_003 - Login is successfull...
17:43:15 [main] INFO  com.inetBanking.testCases.TC_EditCustomer_004 - User name is entered
17:43:15 [main] INFO  com.inetBanking.testCases.TC_EditCustomer_004 - Password is entered
17:43:23 [main] INFO  com.inetBanking.testCases.TC_EditCustomer_004 - Login is successfull...
17:43:37 [main] INFO  com.inetBanking.testCases.TC_EditCustomer_004 - Edit customer successfull...
17:52:11 [main] INFO  com.inetBanking.testCases.TC_LoginTest_001 - username is entered
17:52:11 [main] INFO  com.inetBanking.testCases.TC_LoginTest_001 - password is entered
17:52:17 [main] INFO  com.inetBanking.testCases.TC_LoginTest_001 - login is successfull.....
17:52:17 [main] INFO  com.inetBanking.testCases.TC_LoginTest_001 - Expected title recieved
19:47:30 [main] INFO  com.inetBanking.testCases.TC_LoginTest_001 - username is entered
19:47:30 [main] INFO  com.inetBanking.testCases.TC_LoginTest_001 - password is entered
19:47:32 [main] INFO  com.inetBanking.testCases.TC_LoginTest_001 - login is successfull.....
19:47:32 [main] INFO  com.inetBanking.testCases.TC_LoginTest_001 - Expected title recieved
19:50:05 [main] INFO  com.inetBanking.testCases.TC_LoginTest_001 - username is entered
19:50:05 [main] INFO  com.inetBanking.testCases.TC_LoginTest_001 - password is entered
19:50:06 [main] INFO  com.inetBanking.testCases.TC_LoginTest_001 - login is successfull.....
19:50:06 [main] INFO  com.inetBanking.testCases.TC_LoginTest_001 - Expected title recieved
19:50:18 [main] INFO  com.inetBanking.testCases.TC_LoginTestDDT_002 - Username is entered
19:50:18 [main] INFO  com.inetBanking.testCases.TC_LoginTestDDT_002 - Password is entered
19:50:20 [main] INFO  com.inetBanking.testCases.TC_LoginTestDDT_002 - login is successfull...
19:50:32 [main] INFO  com.inetBanking.testCases.TC_AddNewCustomer_003 - User name is entered
19:50:32 [main] INFO  com.inetBanking.testCases.TC_AddNewCustomer_003 - password is entered
19:50:34 [main] INFO  com.inetBanking.testCases.TC_AddNewCustomer_003 - Login is successfull...
19:50:47 [main] INFO  com.inetBanking.testCases.TC_AddNewCustomer_003 - Customer successfully added...
19:50:57 [main] INFO  com.inetBanking.testCases.TC_EditCustomer_004 - User name is entered
19:50:57 [main] INFO  com.inetBanking.testCases.TC_EditCustomer_004 - Password is entered
19:50:59 [main] INFO  com.inetBanking.testCases.TC_EditCustomer_004 - Login is successfull...
19:51:10 [main] INFO  com.inetBanking.testCases.TC_EditCustomer_004 - Edit customer successfull...
20:44:48 [main] INFO  com.inetBanking.testCases.TC_AddNewCustomer_003 - User name is entered
20:44:48 [main] INFO  com.inetBanking.testCases.TC_AddNewCustomer_003 - password is entered
20:44:52 [main] INFO  com.inetBanking.testCases.TC_AddNewCustomer_003 - Login is successfull...
20:45:12 [main] INFO  com.inetBanking.testCases.TC_AddNewCustomer_003 - Customer successfully added...
