20:09:08 [main] INFO  com.inetBanking.pageObjects.Log4jExam22 - info message....
20:09:08 [main] ERROR com.inetBanking.pageObjects.Log4jExam22 - error mesage....
20:09:08 [main] WARN  com.inetBanking.pageObjects.Log4jExam22 - warn message.....
20:09:08 [main] FATAL com.inetBanking.pageObjects.Log4jExam22 - fatal message....
20:11:55 [main] INFO  com.inetBanking.testCases.TC_LoginSample_001 - Username is entered
20:11:55 [main] INFO  com.inetBanking.testCases.TC_LoginSample_001 - password is entered
20:11:56 [main] INFO  com.inetBanking.testCases.TC_LoginSample_001 - click on the login button
20:11:58 [main] INFO  com.inetBanking.testCases.TC_LoginSample_001 - Username is entered
20:11:58 [main] INFO  com.inetBanking.testCases.TC_LoginSample_001 - password is entered
20:11:59 [main] INFO  com.inetBanking.testCases.TC_LoginSample_001 - click on the login button
20:12:01 [main] INFO  com.inetBanking.testCases.TC_LoginSample_001 - Username is entered
20:12:01 [main] INFO  com.inetBanking.testCases.TC_LoginSample_001 - password is entered
20:12:02 [main] INFO  com.inetBanking.testCases.TC_LoginSample_001 - click on the login button
20:33:44 [main] INFO  com.inetBanking.testCases.TC_LoginSample_001 - Username is entered
20:33:44 [main] INFO  com.inetBanking.testCases.TC_LoginSample_001 - password is entered
20:33:47 [main] INFO  com.inetBanking.testCases.TC_LoginSample_001 - click on the login button
20:33:49 [main] INFO  com.inetBanking.testCases.TC_LoginSample_001 - Username is entered
20:33:49 [main] INFO  com.inetBanking.testCases.TC_LoginSample_001 - password is entered
20:33:49 [main] INFO  com.inetBanking.testCases.TC_LoginSample_001 - click on the login button
20:33:51 [main] INFO  com.inetBanking.testCases.TC_LoginSample_001 - Username is entered
20:33:51 [main] INFO  com.inetBanking.testCases.TC_LoginSample_001 - password is entered
20:33:52 [main] INFO  com.inetBanking.testCases.TC_LoginSample_001 - click on the login button
20:34:17 [main] INFO  com.inetBanking.testCases.TC_LoginTest_001 - username is entered
20:34:17 [main] INFO  com.inetBanking.testCases.TC_LoginTest_001 - password is entered
20:34:21 [main] INFO  com.inetBanking.testCases.TC_LoginTest_001 - login is successfull.....
20:34:21 [main] INFO  com.inetBanking.testCases.TC_LoginTest_001 - Expected title recieved
20:34:40 [main] DEBUG org.apache.poi.openxml4j.opc.PackageRelationshipCollection - Parsing relationship: /xl/_rels/workbook.xml.rels
20:34:40 [main] DEBUG org.apache.poi.openxml4j.opc.PackageRelationshipCollection - Parsing relationship: /_rels/.rels
20:34:41 [main] TRACE org.apache.xmlbeans.impl.common.XBeanDebug - Loading type system org.apache.poi.schemas.ooxml.system.ooxml
20:34:41 [main] TRACE org.apache.xmlbeans.impl.common.XBeanDebug - Loading type system org.apache.xmlbeans.metadata.system.sXMLCONFIG
20:34:41 [main] TRACE org.apache.xmlbeans.impl.common.XBeanDebug - Loading type system org.apache.xmlbeans.metadata.system.sXMLLANG
20:34:41 [main] TRACE org.apache.xmlbeans.impl.common.XBeanDebug - Loading type system org.apache.xmlbeans.metadata.system.sXMLSCHEMA
20:34:41 [main] TRACE org.apache.xmlbeans.impl.common.XBeanDebug - Loading type system org.apache.xmlbeans.metadata.system.sXMLTOOLS
20:34:41 [main] TRACE org.apache.xmlbeans.impl.common.XBeanDebug - Reading unresolved handles for type system org.apache.xmlbeans.metadata.system.sXMLTOOLS
20:34:41 [main] TRACE org.apache.xmlbeans.impl.common.XBeanDebug - Finished loading type system org.apache.xmlbeans.metadata.system.sXMLTOOLS
20:34:41 [main] TRACE org.apache.xmlbeans.impl.common.XBeanDebug - Reading unresolved handles for type system org.apache.xmlbeans.metadata.system.sXMLSCHEMA
20:34:41 [main] TRACE org.apache.xmlbeans.impl.common.XBeanDebug - Finished loading type system org.apache.xmlbeans.metadata.system.sXMLSCHEMA
20:34:41 [main] TRACE org.apache.xmlbeans.impl.common.XBeanDebug - Reading unresolved handles for type system org.apache.xmlbeans.metadata.system.sXMLLANG
20:34:41 [main] TRACE org.apache.xmlbeans.impl.common.XBeanDebug - Finished loading type system org.apache.xmlbeans.metadata.system.sXMLLANG
20:34:41 [main] TRACE org.apache.xmlbeans.impl.common.XBeanDebug - Reading unresolved handles for type system org.apache.xmlbeans.metadata.system.sXMLCONFIG
20:34:41 [main] TRACE org.apache.xmlbeans.impl.common.XBeanDebug - Finished loading type system org.apache.xmlbeans.metadata.system.sXMLCONFIG
20:34:41 [main] TRACE org.apache.xmlbeans.impl.common.XBeanDebug - Reading unresolved handles for type system org.apache.poi.schemas.ooxml.system.ooxml
20:34:41 [main] TRACE org.apache.xmlbeans.impl.common.XBeanDebug - Finished loading type system org.apache.poi.schemas.ooxml.system.ooxml
20:34:41 [main] TRACE org.apache.xmlbeans.impl.common.XBeanDebug - Resolving type for handle themefd26doctype
20:34:41 [main] TRACE org.apache.xmlbeans.impl.common.XBeanDebug - Resolving type for handle stylesheet5d8bdoctype
20:34:41 [main] TRACE org.apache.xmlbeans.impl.common.XBeanDebug - Resolving type for handle ctstylesheet4257type
20:34:41 [main] TRACE org.apache.xmlbeans.impl.common.XBeanDebug - Resolving type for handle ctfonts6623type
20:34:41 [main] TRACE org.apache.xmlbeans.impl.common.XBeanDebug - Resolving type for handle ctfont14d8type
20:34:41 [main] TRACE org.apache.xmlbeans.impl.common.XBeanDebug - Resolving type for handle ctfills2c6ftype
20:34:41 [main] TRACE org.apache.xmlbeans.impl.common.XBeanDebug - Resolving type for handle ctfill550ctype
20:34:41 [main] TRACE org.apache.xmlbeans.impl.common.XBeanDebug - Resolving type for handle ctborders0d66type
20:34:41 [main] TRACE org.apache.xmlbeans.impl.common.XBeanDebug - Resolving type for handle ctborderf935type
20:34:41 [main] TRACE org.apache.xmlbeans.impl.common.XBeanDebug - Resolving type for handle ctcellxfs1322type
20:34:41 [main] TRACE org.apache.xmlbeans.impl.common.XBeanDebug - Resolving type for handle ctxf97f7type
20:34:41 [main] TRACE org.apache.xmlbeans.impl.common.XBeanDebug - Resolving type for handle ctcellstylexfsa81ftype
20:34:41 [main] TRACE org.apache.xmlbeans.impl.common.XBeanDebug - Resolving type for handle ctdxfsb26atype
20:34:41 [main] TRACE org.apache.xmlbeans.impl.common.XBeanDebug - Resolving type for handle cttablestyles872ftype
20:34:41 [main] TRACE org.apache.xmlbeans.impl.common.XBeanDebug - Resolving type for handle sstf81fdoctype
20:34:41 [main] TRACE org.apache.xmlbeans.impl.common.XBeanDebug - Resolving type for handle ctsst44f3type
20:34:41 [main] TRACE org.apache.xmlbeans.impl.common.XBeanDebug - Resolving type for handle ctrsta472type
20:34:41 [main] TRACE org.apache.xmlbeans.impl.common.XBeanDebug - Resolving type for handle workbookec17doctype
20:34:41 [main] TRACE org.apache.xmlbeans.impl.common.XBeanDebug - Resolving type for handle ctworkbook83c3type
20:34:41 [main] TRACE org.apache.xmlbeans.impl.common.XBeanDebug - Resolving type for handle ctsheets49fdtype
20:34:41 [main] TRACE org.apache.xmlbeans.impl.common.XBeanDebug - Resolving type for handle ctsheet4dbetype
20:34:41 [main] TRACE org.apache.xmlbeans.impl.common.XBeanDebug - Resolving type for handle strelationshipid1e94type
20:34:41 [main] TRACE org.apache.xmlbeans.impl.common.XBeanDebug - Resolving type for handle worksheetf539doctype
20:34:41 [main] TRACE org.apache.xmlbeans.impl.common.XBeanDebug - Resolving type for handle ctworksheet530dtype
20:34:41 [main] TRACE org.apache.xmlbeans.impl.common.XBeanDebug - Resolving type for handle ctcols627ctype
20:34:41 [main] TRACE org.apache.xmlbeans.impl.common.XBeanDebug - Resolving type for handle ctcola95ftype
20:34:41 [main] TRACE org.apache.xmlbeans.impl.common.XBeanDebug - Resolving type for handle ctsheetdata8408type
20:34:41 [main] TRACE org.apache.xmlbeans.impl.common.XBeanDebug - Resolving type for handle ctrowdd39type
20:34:41 [main] TRACE org.apache.xmlbeans.impl.common.XBeanDebug - Resolving type for handle ctcell842btype
20:34:41 [main] TRACE org.apache.xmlbeans.impl.common.XBeanDebug - Resolving type for handle stcellrefe4e0type
20:34:41 [main] TRACE org.apache.xmlbeans.impl.common.XBeanDebug - Resolving type for handle stxstringf179type
20:34:41 [main] DEBUG org.apache.poi.openxml4j.opc.PackageRelationshipCollection - Parsing relationship: /xl/_rels/workbook.xml.rels
20:34:41 [main] DEBUG org.apache.poi.openxml4j.opc.PackageRelationshipCollection - Parsing relationship: /_rels/.rels
20:34:41 [main] DEBUG org.apache.poi.openxml4j.opc.PackageRelationshipCollection - Parsing relationship: /xl/_rels/workbook.xml.rels
20:34:41 [main] DEBUG org.apache.poi.openxml4j.opc.PackageRelationshipCollection - Parsing relationship: /_rels/.rels
20:34:41 [main] TRACE org.apache.xmlbeans.impl.common.XBeanDebug - Resolving type for handle stcelltypebf95type
20:34:41 [main] DEBUG org.apache.poi.openxml4j.opc.PackageRelationshipCollection - Parsing relationship: /xl/_rels/workbook.xml.rels
20:34:41 [main] DEBUG org.apache.poi.openxml4j.opc.PackageRelationshipCollection - Parsing relationship: /_rels/.rels
20:34:41 [main] INFO  com.inetBanking.testCases.TC_LoginTestDDT_002 - Username is entered
20:34:41 [main] INFO  com.inetBanking.testCases.TC_LoginTestDDT_002 - Password is entered
20:34:46 [main] INFO  com.inetBanking.testCases.TC_LoginTestDDT_002 - login is successfull...
20:35:08 [main] INFO  com.inetBanking.testCases.TC_AddNewCustomer_003 - User name is entered
20:35:08 [main] INFO  com.inetBanking.testCases.TC_AddNewCustomer_003 - password is entered
20:35:12 [main] INFO  com.inetBanking.testCases.TC_AddNewCustomer_003 - Login is successfull...
20:35:26 [main] INFO  com.inetBanking.testCases.TC_AddNewCustomer_003 - Customer successfully added...
20:35:48 [main] INFO  com.inetBanking.testCases.TC_EditCustomer_004 - User name is entered
20:35:48 [main] INFO  com.inetBanking.testCases.TC_EditCustomer_004 - Password is entered
20:35:52 [main] INFO  com.inetBanking.testCases.TC_EditCustomer_004 - Login is successfull...
20:36:08 [main] INFO  com.inetBanking.testCases.TC_EditCustomer_004 - Edit customer successfull...
14:05:23 [main] INFO  com.inetBanking.testCases.TC_LoginTest_001 - username is entered
14:05:24 [main] INFO  com.inetBanking.testCases.TC_LoginTest_001 - password is entered
